<?xml version="1.0" encoding="UTF-8"?>
<coverage generated="1640711717609" clover="3.2.0">
  <project timestamp="1640711717609" name="All files">
    <metrics statements="91" coveredstatements="40" conditionals="27" coveredconditionals="1" methods="37" coveredmethods="8" elements="155" coveredelements="49" complexity="0" loc="91" ncloc="91" packages="10" files="22" classes="22"/>
    <package name="src">
      <metrics statements="3" coveredstatements="2" conditionals="0" coveredconditionals="0" methods="1" coveredmethods="1"/>
      <file name="App.js" path="/Users/anartz/Documents/Reactjs/breaking-api-app/src/App.js">
        <metrics statements="2" coveredstatements="2" conditionals="0" coveredconditionals="0" methods="1" coveredmethods="1"/>
        <line num="8" count="1" type="stmt"/>
        <line num="14" count="3" type="stmt"/>
      </file>
      <file name="index.js" path="/Users/anartz/Documents/Reactjs/breaking-api-app/src/index.js">
        <metrics statements="1" coveredstatements="0" conditionals="0" coveredconditionals="0" methods="0" coveredmethods="0"/>
        <line num="7" count="0" type="stmt"/>
      </file>
    </package>
    <package name="src.components">
      <metrics statements="21" coveredstatements="9" conditionals="0" coveredconditionals="0" methods="10" coveredmethods="2"/>
      <file name="BarChart.js" path="/Users/anartz/Documents/Reactjs/breaking-api-app/src/components/BarChart.js">
        <metrics statements="4" coveredstatements="1" conditionals="0" coveredconditionals="0" methods="1" coveredmethods="0"/>
        <line num="6" count="2" type="stmt"/>
        <line num="7" count="0" type="stmt"/>
        <line num="20" count="0" type="stmt"/>
        <line num="30" count="0" type="stmt"/>
      </file>
      <file name="Button.js" path="/Users/anartz/Documents/Reactjs/breaking-api-app/src/components/Button.js">
        <metrics statements="3" coveredstatements="3" conditionals="0" coveredconditionals="0" methods="1" coveredmethods="1"/>
        <line num="4" count="3" type="stmt"/>
        <line num="5" count="1" type="stmt"/>
        <line num="15" count="3" type="stmt"/>
      </file>
      <file name="Card.js" path="/Users/anartz/Documents/Reactjs/breaking-api-app/src/components/Card.js">
        <metrics statements="3" coveredstatements="3" conditionals="0" coveredconditionals="0" methods="1" coveredmethods="1"/>
        <line num="3" count="3" type="stmt"/>
        <line num="4" count="1" type="stmt"/>
        <line num="28" count="3" type="stmt"/>
      </file>
      <file name="Link.js" path="/Users/anartz/Documents/Reactjs/breaking-api-app/src/components/Link.js">
        <metrics statements="2" coveredstatements="0" conditionals="0" coveredconditionals="0" methods="1" coveredmethods="0"/>
        <line num="1" count="0" type="stmt"/>
        <line num="2" count="0" type="stmt"/>
      </file>
      <file name="Loading.js" path="/Users/anartz/Documents/Reactjs/breaking-api-app/src/components/Loading.js">
        <metrics statements="2" coveredstatements="1" conditionals="0" coveredconditionals="0" methods="1" coveredmethods="0"/>
        <line num="3" count="2" type="stmt"/>
        <line num="4" count="0" type="stmt"/>
      </file>
      <file name="PageTitle.js" path="/Users/anartz/Documents/Reactjs/breaking-api-app/src/components/PageTitle.js">
        <metrics statements="2" coveredstatements="1" conditionals="0" coveredconditionals="0" methods="1" coveredmethods="0"/>
        <line num="1" count="2" type="stmt"/>
        <line num="2" count="0" type="stmt"/>
      </file>
      <file name="Table.js" path="/Users/anartz/Documents/Reactjs/breaking-api-app/src/components/Table.js">
        <metrics statements="5" coveredstatements="0" conditionals="0" coveredconditionals="0" methods="4" coveredmethods="0"/>
        <line num="1" count="0" type="stmt"/>
        <line num="3" count="0" type="stmt"/>
        <line num="10" count="0" type="stmt"/>
        <line num="18" count="0" type="stmt"/>
        <line num="20" count="0" type="stmt"/>
      </file>
    </package>
    <package name="src.configs">
      <metrics statements="1" coveredstatements="1" conditionals="0" coveredconditionals="0" methods="0" coveredmethods="0"/>
      <file name="chartjs.js" path="/Users/anartz/Documents/Reactjs/breaking-api-app/src/configs/chartjs.js">
        <metrics statements="1" coveredstatements="1" conditionals="0" coveredconditionals="0" methods="0" coveredmethods="0"/>
        <line num="11" count="2" type="stmt"/>
      </file>
    </package>
    <package name="src.core">
      <metrics statements="9" coveredstatements="6" conditionals="6" coveredconditionals="0" methods="6" coveredmethods="3"/>
      <file name="Footer.js" path="/Users/anartz/Documents/Reactjs/breaking-api-app/src/core/Footer.js">
        <metrics statements="2" coveredstatements="2" conditionals="0" coveredconditionals="0" methods="1" coveredmethods="1"/>
        <line num="1" count="3" type="stmt"/>
        <line num="2" count="1" type="stmt"/>
      </file>
      <file name="Header.js" path="/Users/anartz/Documents/Reactjs/breaking-api-app/src/core/Header.js">
        <metrics statements="5" coveredstatements="2" conditionals="6" coveredconditionals="0" methods="4" coveredmethods="1"/>
        <line num="4" count="3" type="stmt"/>
        <line num="5" count="1" type="stmt"/>
        <line num="28" count="0" type="cond" truecount="0" falsecount="2"/>
        <line num="38" count="0" type="cond" truecount="0" falsecount="2"/>
        <line num="49" count="0" type="cond" truecount="0" falsecount="2"/>
      </file>
      <file name="Layout.js" path="/Users/anartz/Documents/Reactjs/breaking-api-app/src/core/Layout.js">
        <metrics statements="2" coveredstatements="2" conditionals="0" coveredconditionals="0" methods="1" coveredmethods="1"/>
        <line num="9" count="2" type="stmt"/>
        <line num="10" count="1" type="stmt"/>
      </file>
    </package>
    <package name="src.graphql">
      <metrics statements="14" coveredstatements="12" conditionals="5" coveredconditionals="1" methods="3" coveredmethods="2"/>
      <file name="config.js" path="/Users/anartz/Documents/Reactjs/breaking-api-app/src/graphql/config.js">
        <metrics statements="14" coveredstatements="12" conditionals="5" coveredconditionals="1" methods="3" coveredmethods="2"/>
        <line num="11" count="1" type="stmt"/>
        <line num="12" count="1" type="cond" truecount="1" falsecount="1"/>
        <line num="13" count="1" type="stmt"/>
        <line num="14" count="1" type="stmt"/>
        <line num="16" count="1" type="stmt"/>
        <line num="19" count="1" type="stmt"/>
        <line num="25" count="1" type="stmt"/>
        <line num="29" count="1" type="stmt"/>
        <line num="38" count="1" type="stmt"/>
        <line num="42" count="1" type="stmt"/>
        <line num="44" count="0" type="stmt"/>
        <line num="45" count="0" type="cond" truecount="0" falsecount="2"/>
        <line num="53" count="1" type="stmt"/>
        <line num="60" count="3" type="stmt"/>
      </file>
    </package>
    <package name="src.graphql.operations">
      <metrics statements="1" coveredstatements="1" conditionals="0" coveredconditionals="0" methods="0" coveredmethods="0"/>
      <file name="query.js" path="/Users/anartz/Documents/Reactjs/breaking-api-app/src/graphql/operations/query.js">
        <metrics statements="1" coveredstatements="1" conditionals="0" coveredconditionals="0" methods="0" coveredmethods="0"/>
        <line num="3" count="2" type="stmt"/>
      </file>
    </package>
    <package name="src.helpers">
      <metrics statements="4" coveredstatements="4" conditionals="0" coveredconditionals="0" methods="0" coveredmethods="0"/>
      <file name="paths.js" path="/Users/anartz/Documents/Reactjs/breaking-api-app/src/helpers/paths.js">
        <metrics statements="1" coveredstatements="1" conditionals="0" coveredconditionals="0" methods="0" coveredmethods="0"/>
        <line num="1" count="3" type="stmt"/>
      </file>
      <file name="urls.js" path="/Users/anartz/Documents/Reactjs/breaking-api-app/src/helpers/urls.js">
        <metrics statements="3" coveredstatements="3" conditionals="0" coveredconditionals="0" methods="0" coveredmethods="0"/>
        <line num="1" count="2" type="stmt"/>
        <line num="3" count="2" type="stmt"/>
        <line num="8" count="2" type="stmt"/>
      </file>
    </package>
    <package name="src.hooks">
      <metrics statements="6" coveredstatements="1" conditionals="0" coveredconditionals="0" methods="3" coveredmethods="0"/>
      <file name="useFetchApi.js" path="/Users/anartz/Documents/Reactjs/breaking-api-app/src/hooks/useFetchApi.js">
        <metrics statements="6" coveredstatements="1" conditionals="0" coveredconditionals="0" methods="3" coveredmethods="0"/>
        <line num="4" count="2" type="stmt"/>
        <line num="5" count="0" type="stmt"/>
        <line num="9" count="0" type="stmt"/>
        <line num="10" count="0" type="stmt"/>
        <line num="11" count="0" type="stmt"/>
        <line num="14" count="0" type="stmt"/>
      </file>
    </package>
    <package name="src.pages">
      <metrics statements="27" coveredstatements="3" conditionals="16" coveredconditionals="0" methods="10" coveredmethods="0"/>
      <file name="Episodes.js" path="/Users/anartz/Documents/Reactjs/breaking-api-app/src/pages/Episodes.js">
        <metrics statements="6" coveredstatements="1" conditionals="4" coveredconditionals="0" methods="3" coveredmethods="0"/>
        <line num="6" count="2" type="stmt"/>
        <line num="7" count="0" type="stmt"/>
        <line num="10" count="0" type="stmt"/>
        <line num="12" count="0" type="stmt"/>
        <line num="22" count="0" type="stmt"/>
        <line num="29" count="0" type="stmt"/>
      </file>
      <file name="Home.js" path="/Users/anartz/Documents/Reactjs/breaking-api-app/src/pages/Home.js">
        <metrics statements="4" coveredstatements="1" conditionals="4" coveredconditionals="0" methods="2" coveredmethods="0"/>
        <line num="7" count="2" type="stmt"/>
        <line num="8" count="0" type="stmt"/>
        <line num="11" count="0" type="stmt"/>
        <line num="18" count="0" type="stmt"/>
      </file>
      <file name="PrincipalCharsVotes.js" path="/Users/anartz/Documents/Reactjs/breaking-api-app/src/pages/PrincipalCharsVotes.js">
        <metrics statements="17" coveredstatements="1" conditionals="8" coveredconditionals="0" methods="5" coveredmethods="0"/>
        <line num="7" count="2" type="stmt"/>
        <line num="8" count="0" type="stmt"/>
        <line num="10" count="0" type="cond" truecount="0" falsecount="2"/>
        <line num="11" count="0" type="cond" truecount="0" falsecount="2"/>
        <line num="12" count="0" type="stmt"/>
        <line num="13" count="0" type="stmt"/>
        <line num="14" count="0" type="stmt"/>
        <line num="15" count="0" type="cond" truecount="0" falsecount="2"/>
        <line num="16" count="0" type="stmt"/>
        <line num="17" count="0" type="stmt"/>
        <line num="18" count="0" type="stmt"/>
        <line num="19" count="0" type="stmt"/>
        <line num="23" count="0" type="stmt"/>
        <line num="25" count="0" type="stmt"/>
        <line num="40" count="0" type="stmt"/>
        <line num="52" count="0" type="stmt"/>
        <line num="59" count="0" type="stmt"/>
      </file>
    </package>
    <package name="src.services">
      <metrics statements="5" coveredstatements="1" conditionals="0" coveredconditionals="0" methods="4" coveredmethods="0"/>
      <file name="getFetchApi.js" path="/Users/anartz/Documents/Reactjs/breaking-api-app/src/services/getFetchApi.js">
        <metrics statements="5" coveredstatements="1" conditionals="0" coveredconditionals="0" methods="4" coveredmethods="0"/>
        <line num="1" count="2" type="stmt"/>
        <line num="2" count="0" type="stmt"/>
        <line num="3" count="0" type="stmt"/>
        <line num="5" count="0" type="stmt"/>
        <line num="12" count="0" type="stmt"/>
      </file>
    </package>
  </project>
</coverage>
