{"/Users/anartz/Documents/Reactjs/breaking-api-app/src/App.js": {"path":"/Users/anartz/Documents/Reactjs/breaking-api-app/src/App.js","statementMap":{"0":{"start":{"line":8,"column":22},"end":{"line":11,"column":1}},"1":{"start":{"line":14,"column":2},"end":{"line":18,"column":4}}},"fnMap":{"0":{"name":"App","decl":{"start":{"line":13,"column":9},"end":{"line":13,"column":12}},"loc":{"start":{"line":13,"column":15},"end":{"line":19,"column":1}},"line":13}},"branchMap":{},"s":{"0":1,"1":3},"f":{"0":3},"b":{},"_coverageSchema":"1a1c01bbd47fc00a2c39e90264f33305004495a9","hash":"684a12a360794ca10edf14efb6c4c5bb79255ba0"}
,"/Users/anartz/Documents/Reactjs/breaking-api-app/src/index.js": {"path":"/Users/anartz/Documents/Reactjs/breaking-api-app/src/index.js","statementMap":{"0":{"start":{"line":7,"column":0},"end":{"line":12,"column":2}}},"fnMap":{},"branchMap":{},"s":{"0":0},"f":{},"b":{}}
,"/Users/anartz/Documents/Reactjs/breaking-api-app/src/components/BarChart.js": {"path":"/Users/anartz/Documents/Reactjs/breaking-api-app/src/components/BarChart.js","statementMap":{"0":{"start":{"line":6,"column":17},"end":{"line":31,"column":1}},"1":{"start":{"line":7,"column":18},"end":{"line":18,"column":3}},"2":{"start":{"line":20,"column":15},"end":{"line":29,"column":3}},"3":{"start":{"line":30,"column":2},"end":{"line":30,"column":47}}},"fnMap":{"0":{"name":"(anonymous_0)","decl":{"start":{"line":6,"column":17},"end":{"line":6,"column":18}},"loc":{"start":{"line":6,"column":57},"end":{"line":31,"column":1}},"line":6}},"branchMap":{},"s":{"0":2,"1":0,"2":0,"3":0},"f":{"0":0},"b":{},"_coverageSchema":"1a1c01bbd47fc00a2c39e90264f33305004495a9","hash":"3770e04d7527ef1fc767d8485885079abc48b917"}
,"/Users/anartz/Documents/Reactjs/breaking-api-app/src/components/Button.js": {"path":"/Users/anartz/Documents/Reactjs/breaking-api-app/src/components/Button.js","statementMap":{"0":{"start":{"line":4,"column":15},"end":{"line":12,"column":1}},"1":{"start":{"line":5,"column":2},"end":{"line":11,"column":4}},"2":{"start":{"line":15,"column":0},"end":{"line":17,"column":2}}},"fnMap":{"0":{"name":"(anonymous_0)","decl":{"start":{"line":4,"column":15},"end":{"line":4,"column":16}},"loc":{"start":{"line":4,"column":30},"end":{"line":12,"column":1}},"line":4}},"branchMap":{},"s":{"0":3,"1":1,"2":3},"f":{"0":1},"b":{},"_coverageSchema":"1a1c01bbd47fc00a2c39e90264f33305004495a9","hash":"3761f27b7e2f0016e3ce23883a3d2f86fb3c046c"}
,"/Users/anartz/Documents/Reactjs/breaking-api-app/src/components/Card.js": {"path":"/Users/anartz/Documents/Reactjs/breaking-api-app/src/components/Card.js","statementMap":{"0":{"start":{"line":3,"column":13},"end":{"line":25,"column":1}},"1":{"start":{"line":4,"column":2},"end":{"line":24,"column":8}},"2":{"start":{"line":28,"column":0},"end":{"line":30,"column":2}}},"fnMap":{"0":{"name":"(anonymous_0)","decl":{"start":{"line":3,"column":13},"end":{"line":3,"column":14}},"loc":{"start":{"line":4,"column":2},"end":{"line":24,"column":8}},"line":4}},"branchMap":{},"s":{"0":3,"1":1,"2":3},"f":{"0":1},"b":{},"_coverageSchema":"1a1c01bbd47fc00a2c39e90264f33305004495a9","hash":"a2b1c677d8be984ff30e06d796b8d9566157e8f0"}
,"/Users/anartz/Documents/Reactjs/breaking-api-app/src/components/Link.js": {"path":"/Users/anartz/Documents/Reactjs/breaking-api-app/src/components/Link.js","statementMap":{"0":{"start":{"line":1,"column":13},"end":{"line":5,"column":1}},"1":{"start":{"line":2,"column":2},"end":{"line":4,"column":6}}},"fnMap":{"0":{"name":"(anonymous_0)","decl":{"start":{"line":1,"column":13},"end":{"line":1,"column":14}},"loc":{"start":{"line":2,"column":2},"end":{"line":4,"column":6}},"line":2}},"branchMap":{},"s":{"0":0,"1":0},"f":{"0":0},"b":{}}
,"/Users/anartz/Documents/Reactjs/breaking-api-app/src/components/Loading.js": {"path":"/Users/anartz/Documents/Reactjs/breaking-api-app/src/components/Loading.js","statementMap":{"0":{"start":{"line":3,"column":16},"end":{"line":7,"column":1}},"1":{"start":{"line":4,"column":2},"end":{"line":6,"column":9}}},"fnMap":{"0":{"name":"(anonymous_0)","decl":{"start":{"line":3,"column":16},"end":{"line":3,"column":17}},"loc":{"start":{"line":4,"column":2},"end":{"line":6,"column":9}},"line":4}},"branchMap":{},"s":{"0":2,"1":0},"f":{"0":0},"b":{},"_coverageSchema":"1a1c01bbd47fc00a2c39e90264f33305004495a9","hash":"e115064a64c92972e3d88d7ec60c1b00608ef08c"}
,"/Users/anartz/Documents/Reactjs/breaking-api-app/src/components/PageTitle.js": {"path":"/Users/anartz/Documents/Reactjs/breaking-api-app/src/components/PageTitle.js","statementMap":{"0":{"start":{"line":1,"column":18},"end":{"line":6,"column":1}},"1":{"start":{"line":2,"column":2},"end":{"line":5,"column":5}}},"fnMap":{"0":{"name":"(anonymous_0)","decl":{"start":{"line":1,"column":18},"end":{"line":1,"column":19}},"loc":{"start":{"line":2,"column":2},"end":{"line":5,"column":5}},"line":2}},"branchMap":{},"s":{"0":2,"1":0},"f":{"0":0},"b":{},"_coverageSchema":"1a1c01bbd47fc00a2c39e90264f33305004495a9","hash":"eb509d5a39a8476954a51ff56cc9b5b44491e367"}
,"/Users/anartz/Documents/Reactjs/breaking-api-app/src/components/Table.js": {"path":"/Users/anartz/Documents/Reactjs/breaking-api-app/src/components/Table.js","statementMap":{"0":{"start":{"line":1,"column":14},"end":{"line":29,"column":1}},"1":{"start":{"line":3,"column":2},"end":{"line":28,"column":4}},"2":{"start":{"line":10,"column":16},"end":{"line":12,"column":21}},"3":{"start":{"line":18,"column":14},"end":{"line":22,"column":19}},"4":{"start":{"line":20,"column":18},"end":{"line":20,"column":43}}},"fnMap":{"0":{"name":"(anonymous_0)","decl":{"start":{"line":1,"column":14},"end":{"line":1,"column":15}},"loc":{"start":{"line":1,"column":36},"end":{"line":29,"column":1}},"line":1},"1":{"name":"(anonymous_1)","decl":{"start":{"line":9,"column":25},"end":{"line":9,"column":26}},"loc":{"start":{"line":10,"column":16},"end":{"line":12,"column":21}},"line":10},"2":{"name":"(anonymous_2)","decl":{"start":{"line":17,"column":23},"end":{"line":17,"column":24}},"loc":{"start":{"line":18,"column":14},"end":{"line":22,"column":19}},"line":18},"3":{"name":"(anonymous_3)","decl":{"start":{"line":19,"column":48},"end":{"line":19,"column":49}},"loc":{"start":{"line":20,"column":18},"end":{"line":20,"column":43}},"line":20}},"branchMap":{},"s":{"0":0,"1":0,"2":0,"3":0,"4":0},"f":{"0":0,"1":0,"2":0,"3":0},"b":{}}
,"/Users/anartz/Documents/Reactjs/breaking-api-app/src/configs/chartjs.js": {"path":"/Users/anartz/Documents/Reactjs/breaking-api-app/src/configs/chartjs.js","statementMap":{"0":{"start":{"line":11,"column":2},"end":{"line":18,"column":4}}},"fnMap":{},"branchMap":{},"s":{"0":2},"f":{},"b":{},"_coverageSchema":"1a1c01bbd47fc00a2c39e90264f33305004495a9","hash":"7db3a688f952bfab20cbbc504d5519db3891c99f"}
,"/Users/anartz/Documents/Reactjs/breaking-api-app/src/core/Footer.js": {"path":"/Users/anartz/Documents/Reactjs/breaking-api-app/src/core/Footer.js","statementMap":{"0":{"start":{"line":1,"column":15},"end":{"line":5,"column":1}},"1":{"start":{"line":2,"column":2},"end":{"line":4,"column":8}}},"fnMap":{"0":{"name":"(anonymous_0)","decl":{"start":{"line":1,"column":15},"end":{"line":1,"column":16}},"loc":{"start":{"line":2,"column":2},"end":{"line":4,"column":8}},"line":2}},"branchMap":{},"s":{"0":3,"1":1},"f":{"0":1},"b":{},"_coverageSchema":"1a1c01bbd47fc00a2c39e90264f33305004495a9","hash":"7d921b3e70e4195f934fab5ef84229ee20ddab3b"}
,"/Users/anartz/Documents/Reactjs/breaking-api-app/src/core/Header.js": {"path":"/Users/anartz/Documents/Reactjs/breaking-api-app/src/core/Header.js","statementMap":{"0":{"start":{"line":4,"column":15},"end":{"line":60,"column":1}},"1":{"start":{"line":5,"column":2},"end":{"line":59,"column":4}},"2":{"start":{"line":28,"column":18},"end":{"line":28,"column":59}},"3":{"start":{"line":38,"column":18},"end":{"line":38,"column":59}},"4":{"start":{"line":49,"column":18},"end":{"line":49,"column":59}}},"fnMap":{"0":{"name":"(anonymous_0)","decl":{"start":{"line":4,"column":15},"end":{"line":4,"column":16}},"loc":{"start":{"line":4,"column":21},"end":{"line":60,"column":1}},"line":4},"1":{"name":"(anonymous_1)","decl":{"start":{"line":27,"column":27},"end":{"line":27,"column":28}},"loc":{"start":{"line":28,"column":18},"end":{"line":28,"column":59}},"line":28},"2":{"name":"(anonymous_2)","decl":{"start":{"line":37,"column":27},"end":{"line":37,"column":28}},"loc":{"start":{"line":38,"column":18},"end":{"line":38,"column":59}},"line":38},"3":{"name":"(anonymous_3)","decl":{"start":{"line":48,"column":27},"end":{"line":48,"column":28}},"loc":{"start":{"line":49,"column":18},"end":{"line":49,"column":59}},"line":49}},"branchMap":{"0":{"loc":{"start":{"line":28,"column":18},"end":{"line":28,"column":59}},"type":"cond-expr","locations":[{"start":{"line":28,"column":29},"end":{"line":28,"column":46}},{"start":{"line":28,"column":49},"end":{"line":28,"column":59}}],"line":28},"1":{"loc":{"start":{"line":38,"column":18},"end":{"line":38,"column":59}},"type":"cond-expr","locations":[{"start":{"line":38,"column":29},"end":{"line":38,"column":46}},{"start":{"line":38,"column":49},"end":{"line":38,"column":59}}],"line":38},"2":{"loc":{"start":{"line":49,"column":18},"end":{"line":49,"column":59}},"type":"cond-expr","locations":[{"start":{"line":49,"column":29},"end":{"line":49,"column":46}},{"start":{"line":49,"column":49},"end":{"line":49,"column":59}}],"line":49}},"s":{"0":3,"1":1,"2":0,"3":0,"4":0},"f":{"0":1,"1":0,"2":0,"3":0},"b":{"0":[0,0],"1":[0,0],"2":[0,0]},"_coverageSchema":"1a1c01bbd47fc00a2c39e90264f33305004495a9","hash":"d70d6ed1f7f8f0ea36294d178841d513a8fe2514"}
,"/Users/anartz/Documents/Reactjs/breaking-api-app/src/core/Layout.js": {"path":"/Users/anartz/Documents/Reactjs/breaking-api-app/src/core/Layout.js","statementMap":{"0":{"start":{"line":9,"column":15},"end":{"line":23,"column":1}},"1":{"start":{"line":10,"column":2},"end":{"line":22,"column":4}}},"fnMap":{"0":{"name":"(anonymous_0)","decl":{"start":{"line":9,"column":15},"end":{"line":9,"column":16}},"loc":{"start":{"line":9,"column":21},"end":{"line":23,"column":1}},"line":9}},"branchMap":{},"s":{"0":2,"1":1},"f":{"0":1},"b":{},"_coverageSchema":"1a1c01bbd47fc00a2c39e90264f33305004495a9","hash":"651705eb5f5266b1b8d4c99aa5b64c461850eb02"}
,"/Users/anartz/Documents/Reactjs/breaking-api-app/src/graphql/config.js": {"path":"/Users/anartz/Documents/Reactjs/breaking-api-app/src/graphql/config.js","statementMap":{"0":{"start":{"line":11,"column":4},"end":{"line":11,"column":32}},"1":{"start":{"line":12,"column":4},"end":{"line":15,"column":5}},"2":{"start":{"line":13,"column":6},"end":{"line":13,"column":30}},"3":{"start":{"line":14,"column":6},"end":{"line":14,"column":22}},"4":{"start":{"line":16,"column":4},"end":{"line":16,"column":22}},"5":{"start":{"line":19,"column":4},"end":{"line":21,"column":7}},"6":{"start":{"line":25,"column":4},"end":{"line":25,"column":22}},"7":{"start":{"line":29,"column":4},"end":{"line":34,"column":7}},"8":{"start":{"line":38,"column":4},"end":{"line":38,"column":24}},"9":{"start":{"line":42,"column":4},"end":{"line":49,"column":6}},"10":{"start":{"line":44,"column":36},"end":{"line":44,"column":60}},"11":{"start":{"line":45,"column":8},"end":{"line":45,"column":78}},"12":{"start":{"line":53,"column":4},"end":{"line":56,"column":7}},"13":{"start":{"line":60,"column":4},"end":{"line":60,"column":24}}},"fnMap":{"0":{"name":"(anonymous_0)","decl":{"start":{"line":10,"column":2},"end":{"line":10,"column":3}},"loc":{"start":{"line":10,"column":37},"end":{"line":17,"column":3}},"line":10},"1":{"name":"(anonymous_1)","decl":{"start":{"line":43,"column":6},"end":{"line":43,"column":7}},"loc":{"start":{"line":43,"column":21},"end":{"line":46,"column":7}},"line":43},"2":{"name":"(anonymous_2)","decl":{"start":{"line":59,"column":2},"end":{"line":59,"column":3}},"loc":{"start":{"line":59,"column":14},"end":{"line":61,"column":3}},"line":59}},"branchMap":{"0":{"loc":{"start":{"line":10,"column":24},"end":{"line":10,"column":35}},"type":"default-arg","locations":[{"start":{"line":10,"column":33},"end":{"line":10,"column":35}}],"line":10},"1":{"loc":{"start":{"line":12,"column":4},"end":{"line":15,"column":5}},"type":"if","locations":[{"start":{"line":12,"column":4},"end":{"line":15,"column":5}},{"start":{},"end":{}}],"line":12},"2":{"loc":{"start":{"line":45,"column":15},"end":{"line":45,"column":77}},"type":"binary-expr","locations":[{"start":{"line":45,"column":15},"end":{"line":45,"column":45}},{"start":{"line":45,"column":49},"end":{"line":45,"column":77}}],"line":45}},"s":{"0":1,"1":1,"2":1,"3":1,"4":1,"5":1,"6":1,"7":1,"8":1,"9":1,"10":0,"11":0,"12":1,"13":3},"f":{"0":1,"1":0,"2":3},"b":{"0":[0],"1":[1,0],"2":[0,0]},"_coverageSchema":"1a1c01bbd47fc00a2c39e90264f33305004495a9","hash":"df55eb1e986d9f2d9642e3f6201d84df2e187395"}
,"/Users/anartz/Documents/Reactjs/breaking-api-app/src/graphql/operations/query.js": {"path":"/Users/anartz/Documents/Reactjs/breaking-api-app/src/graphql/operations/query.js","statementMap":{"0":{"start":{"line":3,"column":42},"end":{"line":14,"column":1}}},"fnMap":{},"branchMap":{},"s":{"0":2},"f":{},"b":{},"_coverageSchema":"1a1c01bbd47fc00a2c39e90264f33305004495a9","hash":"9ed239086187cf42d469e178fdee3719e6b1b159"}
,"/Users/anartz/Documents/Reactjs/breaking-api-app/src/helpers/paths.js": {"path":"/Users/anartz/Documents/Reactjs/breaking-api-app/src/helpers/paths.js","statementMap":{"0":{"start":{"line":1,"column":21},"end":{"line":5,"column":1}}},"fnMap":{},"branchMap":{},"s":{"0":3},"f":{},"b":{},"_coverageSchema":"1a1c01bbd47fc00a2c39e90264f33305004495a9","hash":"82102d05e6e1efbbd741c7ec2da4c992ef669679"}
,"/Users/anartz/Documents/Reactjs/breaking-api-app/src/helpers/urls.js": {"path":"/Users/anartz/Documents/Reactjs/breaking-api-app/src/helpers/urls.js","statementMap":{"0":{"start":{"line":1,"column":28},"end":{"line":1,"column":65}},"1":{"start":{"line":3,"column":29},"end":{"line":6,"column":1}},"2":{"start":{"line":8,"column":37},"end":{"line":11,"column":1}}},"fnMap":{},"branchMap":{},"s":{"0":2,"1":2,"2":2},"f":{},"b":{},"_coverageSchema":"1a1c01bbd47fc00a2c39e90264f33305004495a9","hash":"020fc7e83e6fb983d9dcaedc6371abf2ec419079"}
,"/Users/anartz/Documents/Reactjs/breaking-api-app/src/hooks/useFetchApi.js": {"path":"/Users/anartz/Documents/Reactjs/breaking-api-app/src/hooks/useFetchApi.js","statementMap":{"0":{"start":{"line":4,"column":27},"end":{"line":15,"column":1}},"1":{"start":{"line":5,"column":28},"end":{"line":7,"column":4}},"2":{"start":{"line":9,"column":2},"end":{"line":13,"column":12}},"3":{"start":{"line":10,"column":4},"end":{"line":12,"column":6}},"4":{"start":{"line":11,"column":6},"end":{"line":11,"column":21}},"5":{"start":{"line":14,"column":2},"end":{"line":14,"column":15}}},"fnMap":{"0":{"name":"(anonymous_0)","decl":{"start":{"line":4,"column":27},"end":{"line":4,"column":28}},"loc":{"start":{"line":4,"column":36},"end":{"line":15,"column":1}},"line":4},"1":{"name":"(anonymous_1)","decl":{"start":{"line":9,"column":12},"end":{"line":9,"column":13}},"loc":{"start":{"line":9,"column":18},"end":{"line":13,"column":3}},"line":9},"2":{"name":"(anonymous_2)","decl":{"start":{"line":10,"column":28},"end":{"line":10,"column":29}},"loc":{"start":{"line":10,"column":36},"end":{"line":12,"column":5}},"line":10}},"branchMap":{},"s":{"0":2,"1":0,"2":0,"3":0,"4":0,"5":0},"f":{"0":0,"1":0,"2":0},"b":{},"_coverageSchema":"1a1c01bbd47fc00a2c39e90264f33305004495a9","hash":"18da4845ab27f29c54e07d1087f53b8513314116"}
,"/Users/anartz/Documents/Reactjs/breaking-api-app/src/pages/Episodes.js": {"path":"/Users/anartz/Documents/Reactjs/breaking-api-app/src/pages/Episodes.js","statementMap":{"0":{"start":{"line":6,"column":17},"end":{"line":43,"column":1}},"1":{"start":{"line":7,"column":28},"end":{"line":9,"column":3}},"2":{"start":{"line":10,"column":22},"end":{"line":10,"column":78}},"3":{"start":{"line":12,"column":2},"end":{"line":42,"column":4}},"4":{"start":{"line":22,"column":18},"end":{"line":22,"column":58}},"5":{"start":{"line":29,"column":16},"end":{"line":35,"column":21}}},"fnMap":{"0":{"name":"(anonymous_0)","decl":{"start":{"line":6,"column":17},"end":{"line":6,"column":18}},"loc":{"start":{"line":6,"column":23},"end":{"line":43,"column":1}},"line":6},"1":{"name":"(anonymous_1)","decl":{"start":{"line":21,"column":33},"end":{"line":21,"column":34}},"loc":{"start":{"line":22,"column":18},"end":{"line":22,"column":58}},"line":22},"2":{"name":"(anonymous_2)","decl":{"start":{"line":28,"column":24},"end":{"line":28,"column":25}},"loc":{"start":{"line":29,"column":16},"end":{"line":35,"column":21}},"line":29}},"branchMap":{"0":{"loc":{"start":{"line":15,"column":7},"end":{"line":15,"column":29}},"type":"binary-expr","locations":[{"start":{"line":15,"column":7},"end":{"line":15,"column":14}},{"start":{"line":15,"column":18},"end":{"line":15,"column":29}}],"line":15},"1":{"loc":{"start":{"line":16,"column":7},"end":{"line":40,"column":7}},"type":"binary-expr","locations":[{"start":{"line":16,"column":7},"end":{"line":16,"column":15}},{"start":{"line":17,"column":8},"end":{"line":39,"column":14}}],"line":16}},"s":{"0":2,"1":0,"2":0,"3":0,"4":0,"5":0},"f":{"0":0,"1":0,"2":0},"b":{"0":[0,0],"1":[0,0]},"_coverageSchema":"1a1c01bbd47fc00a2c39e90264f33305004495a9","hash":"4d875cf26493d8426a8c20604deabfe2d85e766a"}
,"/Users/anartz/Documents/Reactjs/breaking-api-app/src/pages/Home.js": {"path":"/Users/anartz/Documents/Reactjs/breaking-api-app/src/pages/Home.js","statementMap":{"0":{"start":{"line":7,"column":13},"end":{"line":24,"column":1}},"1":{"start":{"line":8,"column":28},"end":{"line":10,"column":3}},"2":{"start":{"line":11,"column":2},"end":{"line":23,"column":4}},"3":{"start":{"line":18,"column":12},"end":{"line":18,"column":54}}},"fnMap":{"0":{"name":"(anonymous_0)","decl":{"start":{"line":7,"column":13},"end":{"line":7,"column":14}},"loc":{"start":{"line":7,"column":19},"end":{"line":24,"column":1}},"line":7},"1":{"name":"(anonymous_1)","decl":{"start":{"line":17,"column":20},"end":{"line":17,"column":21}},"loc":{"start":{"line":18,"column":12},"end":{"line":18,"column":54}},"line":18}},"branchMap":{"0":{"loc":{"start":{"line":14,"column":7},"end":{"line":14,"column":29}},"type":"binary-expr","locations":[{"start":{"line":14,"column":7},"end":{"line":14,"column":14}},{"start":{"line":14,"column":18},"end":{"line":14,"column":29}}],"line":14},"1":{"loc":{"start":{"line":15,"column":7},"end":{"line":21,"column":7}},"type":"binary-expr","locations":[{"start":{"line":15,"column":7},"end":{"line":15,"column":15}},{"start":{"line":16,"column":8},"end":{"line":20,"column":14}}],"line":15}},"s":{"0":2,"1":0,"2":0,"3":0},"f":{"0":0,"1":0},"b":{"0":[0,0],"1":[0,0]},"_coverageSchema":"1a1c01bbd47fc00a2c39e90264f33305004495a9","hash":"103cc9dd7193f0437a623564670190f8c45f0e52"}
,"/Users/anartz/Documents/Reactjs/breaking-api-app/src/pages/PrincipalCharsVotes.js": {"path":"/Users/anartz/Documents/Reactjs/breaking-api-app/src/pages/PrincipalCharsVotes.js","statementMap":{"0":{"start":{"line":7,"column":28},"end":{"line":83,"column":1}},"1":{"start":{"line":8,"column":35},"end":{"line":8,"column":71}},"2":{"start":{"line":10,"column":2},"end":{"line":10,"column":34}},"3":{"start":{"line":10,"column":15},"end":{"line":10,"column":34}},"4":{"start":{"line":11,"column":2},"end":{"line":11,"column":36}},"5":{"start":{"line":11,"column":13},"end":{"line":11,"column":36}},"6":{"start":{"line":12,"column":25},"end":{"line":12,"column":29}},"7":{"start":{"line":13,"column":15},"end":{"line":13,"column":17}},"8":{"start":{"line":14,"column":15},"end":{"line":14,"column":17}},"9":{"start":{"line":15,"column":2},"end":{"line":21,"column":3}},"10":{"start":{"line":16,"column":4},"end":{"line":20,"column":7}},"11":{"start":{"line":17,"column":6},"end":{"line":17,"column":37}},"12":{"start":{"line":18,"column":6},"end":{"line":18,"column":38}},"13":{"start":{"line":19,"column":6},"end":{"line":19,"column":16}},"14":{"start":{"line":23,"column":22},"end":{"line":23,"column":74}},"15":{"start":{"line":25,"column":2},"end":{"line":82,"column":4}},"16":{"start":{"line":40,"column":16},"end":{"line":40,"column":61}},"17":{"start":{"line":52,"column":49},"end":{"line":52,"column":89}},"18":{"start":{"line":59,"column":20},"end":{"line":73,"column":25}}},"fnMap":{"0":{"name":"(anonymous_0)","decl":{"start":{"line":7,"column":28},"end":{"line":7,"column":29}},"loc":{"start":{"line":7,"column":34},"end":{"line":83,"column":1}},"line":7},"1":{"name":"(anonymous_1)","decl":{"start":{"line":16,"column":19},"end":{"line":16,"column":20}},"loc":{"start":{"line":16,"column":34},"end":{"line":20,"column":5}},"line":16},"2":{"name":"(anonymous_2)","decl":{"start":{"line":39,"column":30},"end":{"line":39,"column":31}},"loc":{"start":{"line":40,"column":16},"end":{"line":40,"column":61}},"line":40},"3":{"name":"(anonymous_3)","decl":{"start":{"line":52,"column":38},"end":{"line":52,"column":39}},"loc":{"start":{"line":52,"column":49},"end":{"line":52,"column":89}},"line":52},"4":{"name":"(anonymous_4)","decl":{"start":{"line":58,"column":34},"end":{"line":58,"column":35}},"loc":{"start":{"line":59,"column":20},"end":{"line":73,"column":25}},"line":59}},"branchMap":{"0":{"loc":{"start":{"line":10,"column":2},"end":{"line":10,"column":34}},"type":"if","locations":[{"start":{"line":10,"column":2},"end":{"line":10,"column":34}},{"start":{},"end":{}}],"line":10},"1":{"loc":{"start":{"line":11,"column":2},"end":{"line":11,"column":36}},"type":"if","locations":[{"start":{"line":11,"column":2},"end":{"line":11,"column":36}},{"start":{},"end":{}}],"line":11},"2":{"loc":{"start":{"line":15,"column":2},"end":{"line":21,"column":3}},"type":"if","locations":[{"start":{"line":15,"column":2},"end":{"line":21,"column":3}},{"start":{},"end":{}}],"line":15},"3":{"loc":{"start":{"line":28,"column":7},"end":{"line":80,"column":7}},"type":"binary-expr","locations":[{"start":{"line":28,"column":7},"end":{"line":28,"column":15}},{"start":{"line":29,"column":8},"end":{"line":79,"column":11}}],"line":28}},"s":{"0":2,"1":0,"2":0,"3":0,"4":0,"5":0,"6":0,"7":0,"8":0,"9":0,"10":0,"11":0,"12":0,"13":0,"14":0,"15":0,"16":0,"17":0,"18":0},"f":{"0":0,"1":0,"2":0,"3":0,"4":0},"b":{"0":[0,0],"1":[0,0],"2":[0,0],"3":[0,0]},"_coverageSchema":"1a1c01bbd47fc00a2c39e90264f33305004495a9","hash":"76ec0a6d03650b36b90fba849ca7c8e69988ef3f"}
,"/Users/anartz/Documents/Reactjs/breaking-api-app/src/services/getFetchApi.js": {"path":"/Users/anartz/Documents/Reactjs/breaking-api-app/src/services/getFetchApi.js","statementMap":{"0":{"start":{"line":1,"column":28},"end":{"line":18,"column":1}},"1":{"start":{"line":2,"column":2},"end":{"line":17,"column":7}},"2":{"start":{"line":3,"column":20},"end":{"line":3,"column":31}},"3":{"start":{"line":5,"column":6},"end":{"line":9,"column":8}},"4":{"start":{"line":12,"column":6},"end":{"line":16,"column":8}}},"fnMap":{"0":{"name":"(anonymous_0)","decl":{"start":{"line":1,"column":28},"end":{"line":1,"column":29}},"loc":{"start":{"line":1,"column":37},"end":{"line":18,"column":1}},"line":1},"1":{"name":"(anonymous_1)","decl":{"start":{"line":3,"column":10},"end":{"line":3,"column":11}},"loc":{"start":{"line":3,"column":20},"end":{"line":3,"column":31}},"line":3},"2":{"name":"(anonymous_2)","decl":{"start":{"line":4,"column":10},"end":{"line":4,"column":11}},"loc":{"start":{"line":4,"column":20},"end":{"line":10,"column":5}},"line":4},"3":{"name":"(anonymous_3)","decl":{"start":{"line":11,"column":11},"end":{"line":11,"column":12}},"loc":{"start":{"line":11,"column":22},"end":{"line":17,"column":5}},"line":11}},"branchMap":{},"s":{"0":2,"1":0,"2":0,"3":0,"4":0},"f":{"0":0,"1":0,"2":0,"3":0},"b":{},"_coverageSchema":"1a1c01bbd47fc00a2c39e90264f33305004495a9","hash":"e5c409c9b0701651040db724fc0ddb800d97cd9f"}
}
