{"/Users/anartz/Documents/Reactjs/breaking-api-app/src/App.js": {"path":"/Users/anartz/Documents/Reactjs/breaking-api-app/src/App.js","statementMap":{"0":{"start":{"line":10,"column":15},"end":{"line":10,"column":54}},"1":{"start":{"line":10,"column":30},"end":{"line":10,"column":53}},"2":{"start":{"line":12,"column":22},"end":{"line":15,"column":1}},"3":{"start":{"line":18,"column":2},"end":{"line":22,"column":4}}},"fnMap":{"0":{"name":"(anonymous_0)","decl":{"start":{"line":10,"column":24},"end":{"line":10,"column":25}},"loc":{"start":{"line":10,"column":30},"end":{"line":10,"column":53}},"line":10},"1":{"name":"App","decl":{"start":{"line":17,"column":9},"end":{"line":17,"column":12}},"loc":{"start":{"line":17,"column":15},"end":{"line":23,"column":1}},"line":17}},"branchMap":{},"s":{"0":1,"1":0,"2":1,"3":3},"f":{"0":0,"1":3},"b":{},"_coverageSchema":"1a1c01bbd47fc00a2c39e90264f33305004495a9","hash":"e55d6083d09b977511736fa9a04815f05cf3c793"}
,"/Users/anartz/Documents/Reactjs/breaking-api-app/src/components/BarChart.js": {"path":"/Users/anartz/Documents/Reactjs/breaking-api-app/src/components/BarChart.js","statementMap":{"0":{"start":{"line":6,"column":17},"end":{"line":31,"column":1}},"1":{"start":{"line":7,"column":18},"end":{"line":18,"column":3}},"2":{"start":{"line":20,"column":15},"end":{"line":29,"column":3}},"3":{"start":{"line":30,"column":2},"end":{"line":30,"column":47}}},"fnMap":{"0":{"name":"(anonymous_0)","decl":{"start":{"line":6,"column":17},"end":{"line":6,"column":18}},"loc":{"start":{"line":6,"column":57},"end":{"line":31,"column":1}},"line":6}},"branchMap":{},"s":{"0":3,"1":0,"2":0,"3":0},"f":{"0":0},"b":{},"_coverageSchema":"1a1c01bbd47fc00a2c39e90264f33305004495a9","hash":"3770e04d7527ef1fc767d8485885079abc48b917"}
,"/Users/anartz/Documents/Reactjs/breaking-api-app/src/components/Button.js": {"path":"/Users/anartz/Documents/Reactjs/breaking-api-app/src/components/Button.js","statementMap":{"0":{"start":{"line":4,"column":15},"end":{"line":17,"column":1}},"1":{"start":{"line":10,"column":2},"end":{"line":16,"column":4}},"2":{"start":{"line":12,"column":50},"end":{"line":12,"column":63}},"3":{"start":{"line":20,"column":0},"end":{"line":22,"column":2}}},"fnMap":{"0":{"name":"(anonymous_0)","decl":{"start":{"line":4,"column":15},"end":{"line":4,"column":16}},"loc":{"start":{"line":9,"column":6},"end":{"line":17,"column":1}},"line":9},"1":{"name":"(anonymous_1)","decl":{"start":{"line":12,"column":44},"end":{"line":12,"column":45}},"loc":{"start":{"line":12,"column":50},"end":{"line":12,"column":63}},"line":12}},"branchMap":{"0":{"loc":{"start":{"line":8,"column":2},"end":{"line":8,"column":58}},"type":"default-arg","locations":[{"start":{"line":8,"column":13},"end":{"line":8,"column":58}}],"line":8}},"s":{"0":4,"1":1,"2":0,"3":4},"f":{"0":1,"1":0},"b":{"0":[1]},"_coverageSchema":"1a1c01bbd47fc00a2c39e90264f33305004495a9","hash":"3d91418dd467bc216f582f32e8b9fa18c6dcd9c1"}
,"/Users/anartz/Documents/Reactjs/breaking-api-app/src/components/Card.js": {"path":"/Users/anartz/Documents/Reactjs/breaking-api-app/src/components/Card.js","statementMap":{"0":{"start":{"line":4,"column":13},"end":{"line":48,"column":1}},"1":{"start":{"line":5,"column":26},"end":{"line":5,"column":55}},"2":{"start":{"line":5,"column":35},"end":{"line":5,"column":55}},"3":{"start":{"line":6,"column":2},"end":{"line":47,"column":3}},"4":{"start":{"line":51,"column":0},"end":{"line":54,"column":2}}},"fnMap":{"0":{"name":"(anonymous_0)","decl":{"start":{"line":4,"column":13},"end":{"line":4,"column":14}},"loc":{"start":{"line":4,"column":50},"end":{"line":48,"column":1}},"line":4},"1":{"name":"(anonymous_1)","decl":{"start":{"line":5,"column":26},"end":{"line":5,"column":27}},"loc":{"start":{"line":5,"column":35},"end":{"line":5,"column":55}},"line":5}},"branchMap":{"0":{"loc":{"start":{"line":4,"column":27},"end":{"line":4,"column":43}},"type":"default-arg","locations":[{"start":{"line":4,"column":38},"end":{"line":4,"column":43}}],"line":4},"1":{"loc":{"start":{"line":20,"column":12},"end":{"line":41,"column":13}},"type":"cond-expr","locations":[{"start":{"line":22,"column":14},"end":{"line":31,"column":17}},{"start":{"line":33,"column":14},"end":{"line":40,"column":17}}],"line":20}},"s":{"0":3,"1":2,"2":0,"3":2,"4":3},"f":{"0":2,"1":0},"b":{"0":[0],"1":[1,1]},"_coverageSchema":"1a1c01bbd47fc00a2c39e90264f33305004495a9","hash":"6386874c00ac6674cf75870bc487f7b0cf4c1c30"}
,"/Users/anartz/Documents/Reactjs/breaking-api-app/src/components/Link.js": {"path":"/Users/anartz/Documents/Reactjs/breaking-api-app/src/components/Link.js","statementMap":{"0":{"start":{"line":1,"column":13},"end":{"line":5,"column":1}},"1":{"start":{"line":2,"column":2},"end":{"line":4,"column":6}}},"fnMap":{"0":{"name":"(anonymous_0)","decl":{"start":{"line":1,"column":13},"end":{"line":1,"column":14}},"loc":{"start":{"line":2,"column":2},"end":{"line":4,"column":6}},"line":2}},"branchMap":{},"s":{"0":0,"1":0},"f":{"0":0},"b":{}}
,"/Users/anartz/Documents/Reactjs/breaking-api-app/src/components/Loading.js": {"path":"/Users/anartz/Documents/Reactjs/breaking-api-app/src/components/Loading.js","statementMap":{"0":{"start":{"line":3,"column":16},"end":{"line":7,"column":1}},"1":{"start":{"line":4,"column":2},"end":{"line":6,"column":9}}},"fnMap":{"0":{"name":"(anonymous_0)","decl":{"start":{"line":3,"column":16},"end":{"line":3,"column":17}},"loc":{"start":{"line":4,"column":2},"end":{"line":6,"column":9}},"line":4}},"branchMap":{},"s":{"0":3,"1":0},"f":{"0":0},"b":{},"_coverageSchema":"1a1c01bbd47fc00a2c39e90264f33305004495a9","hash":"e115064a64c92972e3d88d7ec60c1b00608ef08c"}
,"/Users/anartz/Documents/Reactjs/breaking-api-app/src/components/PageTitle.js": {"path":"/Users/anartz/Documents/Reactjs/breaking-api-app/src/components/PageTitle.js","statementMap":{"0":{"start":{"line":1,"column":18},"end":{"line":6,"column":1}},"1":{"start":{"line":2,"column":2},"end":{"line":5,"column":5}}},"fnMap":{"0":{"name":"(anonymous_0)","decl":{"start":{"line":1,"column":18},"end":{"line":1,"column":19}},"loc":{"start":{"line":2,"column":2},"end":{"line":5,"column":5}},"line":2}},"branchMap":{},"s":{"0":3,"1":0},"f":{"0":0},"b":{},"_coverageSchema":"1a1c01bbd47fc00a2c39e90264f33305004495a9","hash":"eb509d5a39a8476954a51ff56cc9b5b44491e367"}
,"/Users/anartz/Documents/Reactjs/breaking-api-app/src/components/Table.js": {"path":"/Users/anartz/Documents/Reactjs/breaking-api-app/src/components/Table.js","statementMap":{"0":{"start":{"line":1,"column":14},"end":{"line":29,"column":1}},"1":{"start":{"line":3,"column":2},"end":{"line":28,"column":4}},"2":{"start":{"line":10,"column":16},"end":{"line":12,"column":21}},"3":{"start":{"line":18,"column":14},"end":{"line":22,"column":19}},"4":{"start":{"line":20,"column":18},"end":{"line":20,"column":43}}},"fnMap":{"0":{"name":"(anonymous_0)","decl":{"start":{"line":1,"column":14},"end":{"line":1,"column":15}},"loc":{"start":{"line":1,"column":36},"end":{"line":29,"column":1}},"line":1},"1":{"name":"(anonymous_1)","decl":{"start":{"line":9,"column":25},"end":{"line":9,"column":26}},"loc":{"start":{"line":10,"column":16},"end":{"line":12,"column":21}},"line":10},"2":{"name":"(anonymous_2)","decl":{"start":{"line":17,"column":23},"end":{"line":17,"column":24}},"loc":{"start":{"line":18,"column":14},"end":{"line":22,"column":19}},"line":18},"3":{"name":"(anonymous_3)","decl":{"start":{"line":19,"column":48},"end":{"line":19,"column":49}},"loc":{"start":{"line":20,"column":18},"end":{"line":20,"column":43}},"line":20}},"branchMap":{},"s":{"0":0,"1":0,"2":0,"3":0,"4":0},"f":{"0":0,"1":0,"2":0,"3":0},"b":{}}
,"/Users/anartz/Documents/Reactjs/breaking-api-app/src/configs/chartjs.js": {"path":"/Users/anartz/Documents/Reactjs/breaking-api-app/src/configs/chartjs.js","statementMap":{"0":{"start":{"line":11,"column":2},"end":{"line":18,"column":4}}},"fnMap":{},"branchMap":{},"s":{"0":3},"f":{},"b":{},"_coverageSchema":"1a1c01bbd47fc00a2c39e90264f33305004495a9","hash":"7db3a688f952bfab20cbbc504d5519db3891c99f"}
,"/Users/anartz/Documents/Reactjs/breaking-api-app/src/configs/i18n.js": {"path":"/Users/anartz/Documents/Reactjs/breaking-api-app/src/configs/i18n.js","statementMap":{"0":{"start":{"line":8,"column":25},"end":{"line":8,"column":43}},"1":{"start":{"line":10,"column":10},"end":{"line":10,"column":29}},"2":{"start":{"line":12,"column":24},"end":{"line":12,"column":56}},"3":{"start":{"line":13,"column":0},"end":{"line":15,"column":1}},"4":{"start":{"line":14,"column":2},"end":{"line":14,"column":24}},"5":{"start":{"line":17,"column":0},"end":{"line":43,"column":5}}},"fnMap":{},"branchMap":{"0":{"loc":{"start":{"line":13,"column":0},"end":{"line":15,"column":1}},"type":"if","locations":[{"start":{"line":13,"column":0},"end":{"line":15,"column":1}},{"start":{},"end":{}}],"line":13},"1":{"loc":{"start":{"line":13,"column":4},"end":{"line":13,"column":69}},"type":"binary-expr","locations":[{"start":{"line":13,"column":4},"end":{"line":13,"column":19}},{"start":{"line":13,"column":23},"end":{"line":13,"column":69}}],"line":13}},"s":{"0":2,"1":2,"2":2,"3":2,"4":0,"5":2},"f":{},"b":{"0":[0,2],"1":[2,0]},"_coverageSchema":"1a1c01bbd47fc00a2c39e90264f33305004495a9","hash":"ddab38bad73130954058f5d7b41bc9b600ffb900"}
,"/Users/anartz/Documents/Reactjs/breaking-api-app/src/core/Footer.js": {"path":"/Users/anartz/Documents/Reactjs/breaking-api-app/src/core/Footer.js","statementMap":{"0":{"start":{"line":3,"column":15},"end":{"line":23,"column":1}},"1":{"start":{"line":4,"column":22},"end":{"line":4,"column":49}},"2":{"start":{"line":5,"column":25},"end":{"line":5,"column":99}},"3":{"start":{"line":6,"column":25},"end":{"line":10,"column":3}},"4":{"start":{"line":7,"column":4},"end":{"line":7,"column":22}},"5":{"start":{"line":8,"column":4},"end":{"line":8,"column":43}},"6":{"start":{"line":9,"column":4},"end":{"line":9,"column":30}},"7":{"start":{"line":11,"column":22},"end":{"line":11,"column":34}},"8":{"start":{"line":12,"column":2},"end":{"line":22,"column":4}},"9":{"start":{"line":17,"column":101},"end":{"line":17,"column":121}},"10":{"start":{"line":18,"column":100},"end":{"line":18,"column":120}},"11":{"start":{"line":19,"column":100},"end":{"line":19,"column":120}}},"fnMap":{"0":{"name":"(anonymous_0)","decl":{"start":{"line":3,"column":15},"end":{"line":3,"column":16}},"loc":{"start":{"line":3,"column":21},"end":{"line":23,"column":1}},"line":3},"1":{"name":"(anonymous_1)","decl":{"start":{"line":6,"column":25},"end":{"line":6,"column":26}},"loc":{"start":{"line":6,"column":35},"end":{"line":10,"column":3}},"line":6},"2":{"name":"(anonymous_2)","decl":{"start":{"line":17,"column":95},"end":{"line":17,"column":96}},"loc":{"start":{"line":17,"column":101},"end":{"line":17,"column":121}},"line":17},"3":{"name":"(anonymous_3)","decl":{"start":{"line":18,"column":94},"end":{"line":18,"column":95}},"loc":{"start":{"line":18,"column":100},"end":{"line":18,"column":120}},"line":18},"4":{"name":"(anonymous_4)","decl":{"start":{"line":19,"column":94},"end":{"line":19,"column":95}},"loc":{"start":{"line":19,"column":100},"end":{"line":19,"column":120}},"line":19}},"branchMap":{"0":{"loc":{"start":{"line":5,"column":25},"end":{"line":5,"column":99}},"type":"cond-expr","locations":[{"start":{"line":5,"column":60},"end":{"line":5,"column":92}},{"start":{"line":5,"column":95},"end":{"line":5,"column":99}}],"line":5},"1":{"loc":{"start":{"line":17,"column":41},"end":{"line":17,"column":82}},"type":"cond-expr","locations":[{"start":{"line":17,"column":67},"end":{"line":17,"column":75}},{"start":{"line":17,"column":78},"end":{"line":17,"column":82}}],"line":17},"2":{"loc":{"start":{"line":18,"column":41},"end":{"line":18,"column":81}},"type":"cond-expr","locations":[{"start":{"line":18,"column":66},"end":{"line":18,"column":74}},{"start":{"line":18,"column":77},"end":{"line":18,"column":81}}],"line":18},"3":{"loc":{"start":{"line":19,"column":41},"end":{"line":19,"column":81}},"type":"cond-expr","locations":[{"start":{"line":19,"column":66},"end":{"line":19,"column":74}},{"start":{"line":19,"column":77},"end":{"line":19,"column":81}}],"line":19}},"s":{"0":2,"1":1,"2":1,"3":1,"4":0,"5":0,"6":0,"7":1,"8":1,"9":0,"10":0,"11":0},"f":{"0":1,"1":0,"2":0,"3":0,"4":0},"b":{"0":[0,1],"1":[1,0],"2":[0,1],"3":[0,1]},"_coverageSchema":"1a1c01bbd47fc00a2c39e90264f33305004495a9","hash":"2afa635e808f4b9736aa90142ea288b09107ee4b"}
,"/Users/anartz/Documents/Reactjs/breaking-api-app/src/core/Header.js": {"path":"/Users/anartz/Documents/Reactjs/breaking-api-app/src/core/Header.js","statementMap":{"0":{"start":{"line":4,"column":15},"end":{"line":71,"column":1}},"1":{"start":{"line":5,"column":16},"end":{"line":5,"column":40}},"2":{"start":{"line":6,"column":2},"end":{"line":70,"column":4}},"3":{"start":{"line":29,"column":18},"end":{"line":29,"column":59}},"4":{"start":{"line":39,"column":18},"end":{"line":39,"column":59}},"5":{"start":{"line":49,"column":18},"end":{"line":49,"column":59}},"6":{"start":{"line":60,"column":18},"end":{"line":60,"column":59}}},"fnMap":{"0":{"name":"(anonymous_0)","decl":{"start":{"line":4,"column":15},"end":{"line":4,"column":16}},"loc":{"start":{"line":4,"column":21},"end":{"line":71,"column":1}},"line":4},"1":{"name":"(anonymous_1)","decl":{"start":{"line":28,"column":27},"end":{"line":28,"column":28}},"loc":{"start":{"line":29,"column":18},"end":{"line":29,"column":59}},"line":29},"2":{"name":"(anonymous_2)","decl":{"start":{"line":38,"column":27},"end":{"line":38,"column":28}},"loc":{"start":{"line":39,"column":18},"end":{"line":39,"column":59}},"line":39},"3":{"name":"(anonymous_3)","decl":{"start":{"line":48,"column":27},"end":{"line":48,"column":28}},"loc":{"start":{"line":49,"column":18},"end":{"line":49,"column":59}},"line":49},"4":{"name":"(anonymous_4)","decl":{"start":{"line":59,"column":27},"end":{"line":59,"column":28}},"loc":{"start":{"line":60,"column":18},"end":{"line":60,"column":59}},"line":60}},"branchMap":{"0":{"loc":{"start":{"line":29,"column":18},"end":{"line":29,"column":59}},"type":"cond-expr","locations":[{"start":{"line":29,"column":29},"end":{"line":29,"column":46}},{"start":{"line":29,"column":49},"end":{"line":29,"column":59}}],"line":29},"1":{"loc":{"start":{"line":39,"column":18},"end":{"line":39,"column":59}},"type":"cond-expr","locations":[{"start":{"line":39,"column":29},"end":{"line":39,"column":46}},{"start":{"line":39,"column":49},"end":{"line":39,"column":59}}],"line":39},"2":{"loc":{"start":{"line":49,"column":18},"end":{"line":49,"column":59}},"type":"cond-expr","locations":[{"start":{"line":49,"column":29},"end":{"line":49,"column":46}},{"start":{"line":49,"column":49},"end":{"line":49,"column":59}}],"line":49},"3":{"loc":{"start":{"line":60,"column":18},"end":{"line":60,"column":59}},"type":"cond-expr","locations":[{"start":{"line":60,"column":29},"end":{"line":60,"column":46}},{"start":{"line":60,"column":49},"end":{"line":60,"column":59}}],"line":60}},"s":{"0":2,"1":1,"2":1,"3":0,"4":0,"5":0,"6":0},"f":{"0":1,"1":0,"2":0,"3":0,"4":0},"b":{"0":[0,0],"1":[0,0],"2":[0,0],"3":[0,0]},"_coverageSchema":"1a1c01bbd47fc00a2c39e90264f33305004495a9","hash":"77bbc0e484499ee3f48edea12247e4432dcea26f"}
,"/Users/anartz/Documents/Reactjs/breaking-api-app/src/core/Layout.js": {"path":"/Users/anartz/Documents/Reactjs/breaking-api-app/src/core/Layout.js","statementMap":{"0":{"start":{"line":12,"column":15},"end":{"line":28,"column":1}},"1":{"start":{"line":13,"column":2},"end":{"line":27,"column":4}}},"fnMap":{"0":{"name":"(anonymous_0)","decl":{"start":{"line":12,"column":15},"end":{"line":12,"column":16}},"loc":{"start":{"line":12,"column":21},"end":{"line":28,"column":1}},"line":12}},"branchMap":{},"s":{"0":1,"1":1},"f":{"0":1},"b":{},"_coverageSchema":"1a1c01bbd47fc00a2c39e90264f33305004495a9","hash":"66eb75b456ac944cf14819c1d5705a0b22f43345"}
,"/Users/anartz/Documents/Reactjs/breaking-api-app/src/graphql/config.js": {"path":"/Users/anartz/Documents/Reactjs/breaking-api-app/src/graphql/config.js","statementMap":{"0":{"start":{"line":11,"column":4},"end":{"line":11,"column":32}},"1":{"start":{"line":12,"column":4},"end":{"line":15,"column":5}},"2":{"start":{"line":13,"column":6},"end":{"line":13,"column":30}},"3":{"start":{"line":14,"column":6},"end":{"line":14,"column":22}},"4":{"start":{"line":16,"column":4},"end":{"line":16,"column":22}},"5":{"start":{"line":19,"column":4},"end":{"line":21,"column":7}},"6":{"start":{"line":25,"column":4},"end":{"line":25,"column":22}},"7":{"start":{"line":29,"column":4},"end":{"line":34,"column":7}},"8":{"start":{"line":38,"column":4},"end":{"line":38,"column":24}},"9":{"start":{"line":42,"column":4},"end":{"line":49,"column":6}},"10":{"start":{"line":44,"column":36},"end":{"line":44,"column":60}},"11":{"start":{"line":45,"column":8},"end":{"line":45,"column":78}},"12":{"start":{"line":53,"column":4},"end":{"line":56,"column":7}},"13":{"start":{"line":60,"column":4},"end":{"line":60,"column":24}}},"fnMap":{"0":{"name":"(anonymous_0)","decl":{"start":{"line":10,"column":2},"end":{"line":10,"column":3}},"loc":{"start":{"line":10,"column":37},"end":{"line":17,"column":3}},"line":10},"1":{"name":"(anonymous_1)","decl":{"start":{"line":43,"column":6},"end":{"line":43,"column":7}},"loc":{"start":{"line":43,"column":21},"end":{"line":46,"column":7}},"line":43},"2":{"name":"(anonymous_2)","decl":{"start":{"line":59,"column":2},"end":{"line":59,"column":3}},"loc":{"start":{"line":59,"column":14},"end":{"line":61,"column":3}},"line":59}},"branchMap":{"0":{"loc":{"start":{"line":10,"column":24},"end":{"line":10,"column":35}},"type":"default-arg","locations":[{"start":{"line":10,"column":33},"end":{"line":10,"column":35}}],"line":10},"1":{"loc":{"start":{"line":12,"column":4},"end":{"line":15,"column":5}},"type":"if","locations":[{"start":{"line":12,"column":4},"end":{"line":15,"column":5}},{"start":{},"end":{}}],"line":12},"2":{"loc":{"start":{"line":45,"column":15},"end":{"line":45,"column":77}},"type":"binary-expr","locations":[{"start":{"line":45,"column":15},"end":{"line":45,"column":45}},{"start":{"line":45,"column":49},"end":{"line":45,"column":77}}],"line":45}},"s":{"0":1,"1":1,"2":1,"3":1,"4":1,"5":1,"6":1,"7":1,"8":1,"9":1,"10":0,"11":0,"12":1,"13":3},"f":{"0":1,"1":0,"2":3},"b":{"0":[0],"1":[1,0],"2":[0,0]},"_coverageSchema":"1a1c01bbd47fc00a2c39e90264f33305004495a9","hash":"df55eb1e986d9f2d9642e3f6201d84df2e187395"}
,"/Users/anartz/Documents/Reactjs/breaking-api-app/src/graphql/operations/mutation.js": {"path":"/Users/anartz/Documents/Reactjs/breaking-api-app/src/graphql/operations/mutation.js","statementMap":{"0":{"start":{"line":3,"column":24},"end":{"line":10,"column":1}}},"fnMap":{},"branchMap":{},"s":{"0":1},"f":{},"b":{},"_coverageSchema":"1a1c01bbd47fc00a2c39e90264f33305004495a9","hash":"a67177860e31b0414cb556959481cc7561d69910"}
,"/Users/anartz/Documents/Reactjs/breaking-api-app/src/graphql/operations/query.js": {"path":"/Users/anartz/Documents/Reactjs/breaking-api-app/src/graphql/operations/query.js","statementMap":{"0":{"start":{"line":3,"column":42},"end":{"line":16,"column":1}},"1":{"start":{"line":18,"column":29},"end":{"line":31,"column":1}}},"fnMap":{},"branchMap":{},"s":{"0":1,"1":1},"f":{},"b":{},"_coverageSchema":"1a1c01bbd47fc00a2c39e90264f33305004495a9","hash":"ec5896b5b0f5ebf3e7e75370ad7259dc3949283b"}
,"/Users/anartz/Documents/Reactjs/breaking-api-app/src/graphql/operations/subscription.js": {"path":"/Users/anartz/Documents/Reactjs/breaking-api-app/src/graphql/operations/subscription.js","statementMap":{"0":{"start":{"line":3,"column":37},"end":{"line":11,"column":1}},"1":{"start":{"line":14,"column":36},"end":{"line":22,"column":1}}},"fnMap":{},"branchMap":{},"s":{"0":1,"1":1},"f":{},"b":{},"_coverageSchema":"1a1c01bbd47fc00a2c39e90264f33305004495a9","hash":"73c651159123136c8048243b193fa5b837664c5d"}
,"/Users/anartz/Documents/Reactjs/breaking-api-app/src/helpers/navigate.js": {"path":"/Users/anartz/Documents/Reactjs/breaking-api-app/src/helpers/navigate.js","statementMap":{"0":{"start":{"line":8,"column":27},"end":{"line":15,"column":3}},"1":{"start":{"line":9,"column":5},"end":{"line":12,"column":6}},"2":{"start":{"line":10,"column":8},"end":{"line":10,"column":100}},"3":{"start":{"line":11,"column":8},"end":{"line":11,"column":15}},"4":{"start":{"line":13,"column":5},"end":{"line":13,"column":87}},"5":{"start":{"line":17,"column":31},"end":{"line":17,"column":66}},"6":{"start":{"line":17,"column":40},"end":{"line":17,"column":66}}},"fnMap":{"0":{"name":"(anonymous_0)","decl":{"start":{"line":8,"column":27},"end":{"line":8,"column":28}},"loc":{"start":{"line":8,"column":45},"end":{"line":15,"column":3}},"line":8},"1":{"name":"(anonymous_1)","decl":{"start":{"line":17,"column":31},"end":{"line":17,"column":32}},"loc":{"start":{"line":17,"column":40},"end":{"line":17,"column":66}},"line":17}},"branchMap":{"0":{"loc":{"start":{"line":9,"column":5},"end":{"line":12,"column":6}},"type":"if","locations":[{"start":{"line":9,"column":5},"end":{"line":12,"column":6}},{"start":{},"end":{}}],"line":9}},"s":{"0":3,"1":0,"2":0,"3":0,"4":0,"5":3,"6":0},"f":{"0":0,"1":0},"b":{"0":[0,0]},"_coverageSchema":"1a1c01bbd47fc00a2c39e90264f33305004495a9","hash":"44a0f889534401c58a1012ce71a5af8ffb1d5a86"}
,"/Users/anartz/Documents/Reactjs/breaking-api-app/src/helpers/paths.js": {"path":"/Users/anartz/Documents/Reactjs/breaking-api-app/src/helpers/paths.js","statementMap":{"0":{"start":{"line":1,"column":21},"end":{"line":7,"column":1}}},"fnMap":{},"branchMap":{},"s":{"0":2},"f":{},"b":{},"_coverageSchema":"1a1c01bbd47fc00a2c39e90264f33305004495a9","hash":"4f5e53e433ba25b69de26a958d86382bd3d7612c"}
,"/Users/anartz/Documents/Reactjs/breaking-api-app/src/helpers/urls.js": {"path":"/Users/anartz/Documents/Reactjs/breaking-api-app/src/helpers/urls.js","statementMap":{"0":{"start":{"line":1,"column":28},"end":{"line":1,"column":65}},"1":{"start":{"line":3,"column":29},"end":{"line":6,"column":1}},"2":{"start":{"line":8,"column":37},"end":{"line":11,"column":1}}},"fnMap":{},"branchMap":{},"s":{"0":2,"1":2,"2":2},"f":{},"b":{},"_coverageSchema":"1a1c01bbd47fc00a2c39e90264f33305004495a9","hash":"020fc7e83e6fb983d9dcaedc6371abf2ec419079"}
,"/Users/anartz/Documents/Reactjs/breaking-api-app/src/hooks/useFetchApi.js": {"path":"/Users/anartz/Documents/Reactjs/breaking-api-app/src/hooks/useFetchApi.js","statementMap":{"0":{"start":{"line":4,"column":27},"end":{"line":33,"column":1}},"1":{"start":{"line":5,"column":28},"end":{"line":9,"column":4}},"2":{"start":{"line":11,"column":20},"end":{"line":11,"column":32}},"3":{"start":{"line":13,"column":2},"end":{"line":17,"column":9}},"4":{"start":{"line":14,"column":4},"end":{"line":16,"column":6}},"5":{"start":{"line":15,"column":6},"end":{"line":15,"column":32}},"6":{"start":{"line":19,"column":2},"end":{"line":31,"column":12}},"7":{"start":{"line":20,"column":4},"end":{"line":30,"column":7}},"8":{"start":{"line":21,"column":6},"end":{"line":29,"column":7}},"9":{"start":{"line":22,"column":8},"end":{"line":26,"column":11}},"10":{"start":{"line":28,"column":8},"end":{"line":28,"column":47}},"11":{"start":{"line":32,"column":2},"end":{"line":32,"column":15}}},"fnMap":{"0":{"name":"(anonymous_0)","decl":{"start":{"line":4,"column":27},"end":{"line":4,"column":28}},"loc":{"start":{"line":4,"column":36},"end":{"line":33,"column":1}},"line":4},"1":{"name":"(anonymous_1)","decl":{"start":{"line":13,"column":12},"end":{"line":13,"column":13}},"loc":{"start":{"line":13,"column":18},"end":{"line":17,"column":3}},"line":13},"2":{"name":"(anonymous_2)","decl":{"start":{"line":14,"column":11},"end":{"line":14,"column":12}},"loc":{"start":{"line":14,"column":17},"end":{"line":16,"column":5}},"line":14},"3":{"name":"(anonymous_3)","decl":{"start":{"line":19,"column":12},"end":{"line":19,"column":13}},"loc":{"start":{"line":19,"column":18},"end":{"line":31,"column":3}},"line":19},"4":{"name":"(anonymous_4)","decl":{"start":{"line":20,"column":27},"end":{"line":20,"column":28}},"loc":{"start":{"line":20,"column":39},"end":{"line":30,"column":5}},"line":20}},"branchMap":{"0":{"loc":{"start":{"line":21,"column":6},"end":{"line":29,"column":7}},"type":"if","locations":[{"start":{"line":21,"column":6},"end":{"line":29,"column":7}},{"start":{"line":27,"column":13},"end":{"line":29,"column":7}}],"line":21}},"s":{"0":1,"1":0,"2":0,"3":0,"4":0,"5":0,"6":0,"7":0,"8":0,"9":0,"10":0,"11":0},"f":{"0":0,"1":0,"2":0,"3":0,"4":0},"b":{"0":[0,0]},"_coverageSchema":"1a1c01bbd47fc00a2c39e90264f33305004495a9","hash":"58f95b53ce2cc9b7f197bfcc5164d68c3cf76de3"}
,"/Users/anartz/Documents/Reactjs/breaking-api-app/src/hooks/useSetLanguage.js": {"path":"/Users/anartz/Documents/Reactjs/breaking-api-app/src/hooks/useSetLanguage.js","statementMap":{"0":{"start":{"line":3,"column":30},"end":{"line":14,"column":1}},"1":{"start":{"line":4,"column":30},"end":{"line":4,"column":40}},"2":{"start":{"line":5,"column":27},"end":{"line":9,"column":5}},"3":{"start":{"line":6,"column":6},"end":{"line":6,"column":23}},"4":{"start":{"line":7,"column":6},"end":{"line":7,"column":45}},"5":{"start":{"line":8,"column":6},"end":{"line":8,"column":21}},"6":{"start":{"line":10,"column":4},"end":{"line":13,"column":6}}},"fnMap":{"0":{"name":"(anonymous_0)","decl":{"start":{"line":3,"column":30},"end":{"line":3,"column":31}},"loc":{"start":{"line":3,"column":36},"end":{"line":14,"column":1}},"line":3},"1":{"name":"(anonymous_1)","decl":{"start":{"line":5,"column":27},"end":{"line":5,"column":28}},"loc":{"start":{"line":5,"column":35},"end":{"line":9,"column":5}},"line":5}},"branchMap":{},"s":{"0":0,"1":0,"2":0,"3":0,"4":0,"5":0,"6":0},"f":{"0":0,"1":0},"b":{}}
,"/Users/anartz/Documents/Reactjs/breaking-api-app/src/i18n/en.js": {"path":"/Users/anartz/Documents/Reactjs/breaking-api-app/src/i18n/en.js","statementMap":{"0":{"start":{"line":1,"column":18},"end":{"line":6,"column":1}},"1":{"start":{"line":8,"column":15},"end":{"line":13,"column":1}},"2":{"start":{"line":15,"column":14},"end":{"line":48,"column":1}},"3":{"start":{"line":50,"column":23},"end":{"line":58,"column":1}}},"fnMap":{},"branchMap":{},"s":{"0":2,"1":2,"2":2,"3":2},"f":{},"b":{},"_coverageSchema":"1a1c01bbd47fc00a2c39e90264f33305004495a9","hash":"efa10b37a148387bad07d3111b2288eed4f7e665"}
,"/Users/anartz/Documents/Reactjs/breaking-api-app/src/i18n/es.js": {"path":"/Users/anartz/Documents/Reactjs/breaking-api-app/src/i18n/es.js","statementMap":{"0":{"start":{"line":1,"column":18},"end":{"line":6,"column":1}},"1":{"start":{"line":8,"column":15},"end":{"line":13,"column":1}},"2":{"start":{"line":15,"column":14},"end":{"line":48,"column":1}},"3":{"start":{"line":50,"column":23},"end":{"line":58,"column":1}}},"fnMap":{},"branchMap":{},"s":{"0":2,"1":2,"2":2,"3":2},"f":{},"b":{},"_coverageSchema":"1a1c01bbd47fc00a2c39e90264f33305004495a9","hash":"43c20d23d788f94e72cbe3201a243b82f5df05f3"}
,"/Users/anartz/Documents/Reactjs/breaking-api-app/src/i18n/eu.js": {"path":"/Users/anartz/Documents/Reactjs/breaking-api-app/src/i18n/eu.js","statementMap":{"0":{"start":{"line":1,"column":18},"end":{"line":6,"column":1}},"1":{"start":{"line":8,"column":15},"end":{"line":13,"column":1}},"2":{"start":{"line":15,"column":14},"end":{"line":48,"column":1}},"3":{"start":{"line":51,"column":23},"end":{"line":59,"column":1}}},"fnMap":{},"branchMap":{},"s":{"0":2,"1":2,"2":2,"3":2},"f":{},"b":{},"_coverageSchema":"1a1c01bbd47fc00a2c39e90264f33305004495a9","hash":"5d79ffe4de3be4a356e962d73d897b120df19163"}
,"/Users/anartz/Documents/Reactjs/breaking-api-app/src/pages/AllCharacters.js": {"path":"/Users/anartz/Documents/Reactjs/breaking-api-app/src/pages/AllCharacters.js","statementMap":{"0":{"start":{"line":7,"column":22},"end":{"line":25,"column":1}},"1":{"start":{"line":8,"column":16},"end":{"line":8,"column":44}},"2":{"start":{"line":9,"column":28},"end":{"line":11,"column":3}},"3":{"start":{"line":12,"column":2},"end":{"line":24,"column":4}},"4":{"start":{"line":19,"column":12},"end":{"line":19,"column":89}}},"fnMap":{"0":{"name":"(anonymous_0)","decl":{"start":{"line":7,"column":22},"end":{"line":7,"column":23}},"loc":{"start":{"line":7,"column":28},"end":{"line":25,"column":1}},"line":7},"1":{"name":"(anonymous_1)","decl":{"start":{"line":18,"column":20},"end":{"line":18,"column":21}},"loc":{"start":{"line":19,"column":12},"end":{"line":19,"column":89}},"line":19}},"branchMap":{"0":{"loc":{"start":{"line":15,"column":7},"end":{"line":15,"column":29}},"type":"binary-expr","locations":[{"start":{"line":15,"column":7},"end":{"line":15,"column":14}},{"start":{"line":15,"column":18},"end":{"line":15,"column":29}}],"line":15},"1":{"loc":{"start":{"line":16,"column":7},"end":{"line":22,"column":7}},"type":"binary-expr","locations":[{"start":{"line":16,"column":7},"end":{"line":16,"column":15}},{"start":{"line":17,"column":8},"end":{"line":21,"column":14}}],"line":16}},"s":{"0":1,"1":0,"2":0,"3":0,"4":0},"f":{"0":0,"1":0},"b":{"0":[0,0],"1":[0,0]},"_coverageSchema":"1a1c01bbd47fc00a2c39e90264f33305004495a9","hash":"c166ea4e79a4f42ab9c76e895d7c1bbc60fd18eb"}
,"/Users/anartz/Documents/Reactjs/breaking-api-app/src/pages/Details.js": {"path":"/Users/anartz/Documents/Reactjs/breaking-api-app/src/pages/Details.js","statementMap":{"0":{"start":{"line":10,"column":16},"end":{"line":82,"column":1}},"1":{"start":{"line":11,"column":16},"end":{"line":11,"column":41}},"2":{"start":{"line":12,"column":22},"end":{"line":12,"column":46}},"3":{"start":{"line":13,"column":36},"end":{"line":13,"column":48}},"4":{"start":{"line":14,"column":35},"end":{"line":18,"column":4}},"5":{"start":{"line":19,"column":20},"end":{"line":23,"column":4}},"6":{"start":{"line":21,"column":6},"end":{"line":21,"column":39}},"7":{"start":{"line":24,"column":2},"end":{"line":28,"column":5}},"8":{"start":{"line":30,"column":2},"end":{"line":34,"column":13}},"9":{"start":{"line":31,"column":4},"end":{"line":33,"column":5}},"10":{"start":{"line":32,"column":6},"end":{"line":32,"column":35}},"11":{"start":{"line":36,"column":24},"end":{"line":41,"column":6}},"12":{"start":{"line":37,"column":4},"end":{"line":41,"column":6}},"13":{"start":{"line":43,"column":26},"end":{"line":43,"column":55}},"14":{"start":{"line":43,"column":35},"end":{"line":43,"column":55}},"15":{"start":{"line":45,"column":2},"end":{"line":45,"column":34}},"16":{"start":{"line":45,"column":15},"end":{"line":45,"column":34}},"17":{"start":{"line":46,"column":2},"end":{"line":46,"column":36}},"18":{"start":{"line":46,"column":13},"end":{"line":46,"column":36}},"19":{"start":{"line":47,"column":2},"end":{"line":81,"column":4}}},"fnMap":{"0":{"name":"(anonymous_0)","decl":{"start":{"line":10,"column":16},"end":{"line":10,"column":17}},"loc":{"start":{"line":10,"column":22},"end":{"line":82,"column":1}},"line":10},"1":{"name":"(anonymous_1)","decl":{"start":{"line":20,"column":12},"end":{"line":20,"column":13}},"loc":{"start":{"line":20,"column":36},"end":{"line":22,"column":5}},"line":20},"2":{"name":"(anonymous_2)","decl":{"start":{"line":30,"column":12},"end":{"line":30,"column":13}},"loc":{"start":{"line":30,"column":18},"end":{"line":34,"column":3}},"line":30},"3":{"name":"(anonymous_3)","decl":{"start":{"line":36,"column":24},"end":{"line":36,"column":25}},"loc":{"start":{"line":37,"column":4},"end":{"line":41,"column":6}},"line":37},"4":{"name":"(anonymous_4)","decl":{"start":{"line":43,"column":26},"end":{"line":43,"column":27}},"loc":{"start":{"line":43,"column":35},"end":{"line":43,"column":55}},"line":43}},"branchMap":{"0":{"loc":{"start":{"line":31,"column":4},"end":{"line":33,"column":5}},"type":"if","locations":[{"start":{"line":31,"column":4},"end":{"line":33,"column":5}},{"start":{},"end":{}}],"line":31},"1":{"loc":{"start":{"line":45,"column":2},"end":{"line":45,"column":34}},"type":"if","locations":[{"start":{"line":45,"column":2},"end":{"line":45,"column":34}},{"start":{},"end":{}}],"line":45},"2":{"loc":{"start":{"line":46,"column":2},"end":{"line":46,"column":36}},"type":"if","locations":[{"start":{"line":46,"column":2},"end":{"line":46,"column":36}},{"start":{},"end":{}}],"line":46},"3":{"loc":{"start":{"line":49,"column":7},"end":{"line":79,"column":7}},"type":"binary-expr","locations":[{"start":{"line":49,"column":7},"end":{"line":49,"column":16}},{"start":{"line":50,"column":8},"end":{"line":78,"column":11}}],"line":49}},"s":{"0":1,"1":0,"2":0,"3":0,"4":0,"5":0,"6":0,"7":0,"8":0,"9":0,"10":0,"11":0,"12":0,"13":0,"14":0,"15":0,"16":0,"17":0,"18":0,"19":0},"f":{"0":0,"1":0,"2":0,"3":0,"4":0},"b":{"0":[0,0],"1":[0,0],"2":[0,0],"3":[0,0]},"_coverageSchema":"1a1c01bbd47fc00a2c39e90264f33305004495a9","hash":"072b277aa0c2ebccb362e20ec53811aa13b71e25"}
,"/Users/anartz/Documents/Reactjs/breaking-api-app/src/pages/Episodes.js": {"path":"/Users/anartz/Documents/Reactjs/breaking-api-app/src/pages/Episodes.js","statementMap":{"0":{"start":{"line":6,"column":17},"end":{"line":46,"column":1}},"1":{"start":{"line":7,"column":16},"end":{"line":7,"column":42}},"2":{"start":{"line":8,"column":28},"end":{"line":10,"column":3}},"3":{"start":{"line":11,"column":22},"end":{"line":11,"column":84}},"4":{"start":{"line":13,"column":2},"end":{"line":45,"column":4}},"5":{"start":{"line":23,"column":18},"end":{"line":25,"column":23}},"6":{"start":{"line":32,"column":16},"end":{"line":38,"column":21}}},"fnMap":{"0":{"name":"(anonymous_0)","decl":{"start":{"line":6,"column":17},"end":{"line":6,"column":18}},"loc":{"start":{"line":6,"column":23},"end":{"line":46,"column":1}},"line":6},"1":{"name":"(anonymous_1)","decl":{"start":{"line":22,"column":33},"end":{"line":22,"column":34}},"loc":{"start":{"line":23,"column":18},"end":{"line":25,"column":23}},"line":23},"2":{"name":"(anonymous_2)","decl":{"start":{"line":31,"column":24},"end":{"line":31,"column":25}},"loc":{"start":{"line":32,"column":16},"end":{"line":38,"column":21}},"line":32}},"branchMap":{"0":{"loc":{"start":{"line":16,"column":7},"end":{"line":16,"column":29}},"type":"binary-expr","locations":[{"start":{"line":16,"column":7},"end":{"line":16,"column":14}},{"start":{"line":16,"column":18},"end":{"line":16,"column":29}}],"line":16},"1":{"loc":{"start":{"line":17,"column":7},"end":{"line":43,"column":7}},"type":"binary-expr","locations":[{"start":{"line":17,"column":7},"end":{"line":17,"column":15}},{"start":{"line":18,"column":8},"end":{"line":42,"column":14}}],"line":17}},"s":{"0":1,"1":0,"2":0,"3":0,"4":0,"5":0,"6":0},"f":{"0":0,"1":0,"2":0},"b":{"0":[0,0],"1":[0,0]},"_coverageSchema":"1a1c01bbd47fc00a2c39e90264f33305004495a9","hash":"7981fe6b7c69826753f0a8cdcace689c4c8e3f30"}
,"/Users/anartz/Documents/Reactjs/breaking-api-app/src/pages/Home.js": {"path":"/Users/anartz/Documents/Reactjs/breaking-api-app/src/pages/Home.js","statementMap":{"0":{"start":{"line":9,"column":13},"end":{"line":31,"column":1}},"1":{"start":{"line":10,"column":16},"end":{"line":10,"column":38}},"2":{"start":{"line":11,"column":35},"end":{"line":11,"column":71}},"3":{"start":{"line":13,"column":21},"end":{"line":13,"column":46}},"4":{"start":{"line":14,"column":2},"end":{"line":14,"column":36}},"5":{"start":{"line":14,"column":13},"end":{"line":14,"column":36}},"6":{"start":{"line":16,"column":2},"end":{"line":30,"column":4}},"7":{"start":{"line":24,"column":14},"end":{"line":24,"column":82}}},"fnMap":{"0":{"name":"(anonymous_0)","decl":{"start":{"line":9,"column":13},"end":{"line":9,"column":14}},"loc":{"start":{"line":9,"column":19},"end":{"line":31,"column":1}},"line":9},"1":{"name":"(anonymous_1)","decl":{"start":{"line":23,"column":28},"end":{"line":23,"column":29}},"loc":{"start":{"line":24,"column":14},"end":{"line":24,"column":82}},"line":24}},"branchMap":{"0":{"loc":{"start":{"line":13,"column":21},"end":{"line":13,"column":46}},"type":"binary-expr","locations":[{"start":{"line":13,"column":21},"end":{"line":13,"column":27}},{"start":{"line":13,"column":31},"end":{"line":13,"column":46}}],"line":13},"1":{"loc":{"start":{"line":14,"column":2},"end":{"line":14,"column":36}},"type":"if","locations":[{"start":{"line":14,"column":2},"end":{"line":14,"column":36}},{"start":{},"end":{}}],"line":14},"2":{"loc":{"start":{"line":18,"column":7},"end":{"line":18,"column":29}},"type":"binary-expr","locations":[{"start":{"line":18,"column":7},"end":{"line":18,"column":14}},{"start":{"line":18,"column":18},"end":{"line":18,"column":29}}],"line":18},"3":{"loc":{"start":{"line":19,"column":7},"end":{"line":28,"column":7}},"type":"binary-expr","locations":[{"start":{"line":19,"column":7},"end":{"line":19,"column":15}},{"start":{"line":20,"column":8},"end":{"line":27,"column":11}}],"line":19}},"s":{"0":1,"1":0,"2":0,"3":0,"4":0,"5":0,"6":0,"7":0},"f":{"0":0,"1":0},"b":{"0":[0,0],"1":[0,0],"2":[0,0],"3":[0,0]},"_coverageSchema":"1a1c01bbd47fc00a2c39e90264f33305004495a9","hash":"69f07f225c2e47aeeb4e57e223812fddb7a07a1e"}
,"/Users/anartz/Documents/Reactjs/breaking-api-app/src/pages/PrincipalCharsVotes.js": {"path":"/Users/anartz/Documents/Reactjs/breaking-api-app/src/pages/PrincipalCharsVotes.js","statementMap":{"0":{"start":{"line":11,"column":28},"end":{"line":132,"column":1}},"1":{"start":{"line":12,"column":16},"end":{"line":12,"column":39}},"2":{"start":{"line":13,"column":38},"end":{"line":13,"column":50}},"3":{"start":{"line":14,"column":42},"end":{"line":14,"column":78}},"4":{"start":{"line":15,"column":20},"end":{"line":19,"column":4}},"5":{"start":{"line":17,"column":6},"end":{"line":17,"column":39}},"6":{"start":{"line":20,"column":2},"end":{"line":20,"column":41}},"7":{"start":{"line":22,"column":2},"end":{"line":26,"column":14}},"8":{"start":{"line":23,"column":4},"end":{"line":25,"column":5}},"9":{"start":{"line":24,"column":6},"end":{"line":24,"column":38}},"10":{"start":{"line":28,"column":2},"end":{"line":28,"column":34}},"11":{"start":{"line":28,"column":15},"end":{"line":28,"column":34}},"12":{"start":{"line":29,"column":2},"end":{"line":29,"column":36}},"13":{"start":{"line":29,"column":13},"end":{"line":29,"column":36}},"14":{"start":{"line":31,"column":15},"end":{"line":31,"column":17}},"15":{"start":{"line":32,"column":15},"end":{"line":32,"column":17}},"16":{"start":{"line":33,"column":2},"end":{"line":39,"column":3}},"17":{"start":{"line":34,"column":4},"end":{"line":38,"column":7}},"18":{"start":{"line":35,"column":6},"end":{"line":35,"column":37}},"19":{"start":{"line":36,"column":6},"end":{"line":36,"column":38}},"20":{"start":{"line":37,"column":6},"end":{"line":37,"column":16}},"21":{"start":{"line":41,"column":24},"end":{"line":46,"column":6}},"22":{"start":{"line":42,"column":4},"end":{"line":46,"column":6}},"23":{"start":{"line":50,"column":22},"end":{"line":57,"column":3}},"24":{"start":{"line":59,"column":2},"end":{"line":131,"column":4}},"25":{"start":{"line":74,"column":16},"end":{"line":79,"column":18}},"26":{"start":{"line":91,"column":22},"end":{"line":93,"column":27}},"27":{"start":{"line":100,"column":20},"end":{"line":122,"column":25}}},"fnMap":{"0":{"name":"(anonymous_0)","decl":{"start":{"line":11,"column":28},"end":{"line":11,"column":29}},"loc":{"start":{"line":11,"column":34},"end":{"line":132,"column":1}},"line":11},"1":{"name":"(anonymous_1)","decl":{"start":{"line":16,"column":12},"end":{"line":16,"column":13}},"loc":{"start":{"line":16,"column":36},"end":{"line":18,"column":5}},"line":16},"2":{"name":"(anonymous_2)","decl":{"start":{"line":22,"column":12},"end":{"line":22,"column":13}},"loc":{"start":{"line":22,"column":18},"end":{"line":26,"column":3}},"line":22},"3":{"name":"(anonymous_3)","decl":{"start":{"line":34,"column":19},"end":{"line":34,"column":20}},"loc":{"start":{"line":34,"column":34},"end":{"line":38,"column":5}},"line":34},"4":{"name":"(anonymous_4)","decl":{"start":{"line":41,"column":24},"end":{"line":41,"column":25}},"loc":{"start":{"line":42,"column":4},"end":{"line":46,"column":6}},"line":42},"5":{"name":"(anonymous_5)","decl":{"start":{"line":73,"column":30},"end":{"line":73,"column":31}},"loc":{"start":{"line":74,"column":16},"end":{"line":79,"column":18}},"line":74},"6":{"name":"(anonymous_6)","decl":{"start":{"line":90,"column":37},"end":{"line":90,"column":38}},"loc":{"start":{"line":91,"column":22},"end":{"line":93,"column":27}},"line":91},"7":{"name":"(anonymous_7)","decl":{"start":{"line":99,"column":34},"end":{"line":99,"column":35}},"loc":{"start":{"line":100,"column":20},"end":{"line":122,"column":25}},"line":100}},"branchMap":{"0":{"loc":{"start":{"line":23,"column":4},"end":{"line":25,"column":5}},"type":"if","locations":[{"start":{"line":23,"column":4},"end":{"line":25,"column":5}},{"start":{},"end":{}}],"line":23},"1":{"loc":{"start":{"line":28,"column":2},"end":{"line":28,"column":34}},"type":"if","locations":[{"start":{"line":28,"column":2},"end":{"line":28,"column":34}},{"start":{},"end":{}}],"line":28},"2":{"loc":{"start":{"line":29,"column":2},"end":{"line":29,"column":36}},"type":"if","locations":[{"start":{"line":29,"column":2},"end":{"line":29,"column":36}},{"start":{},"end":{}}],"line":29},"3":{"loc":{"start":{"line":33,"column":2},"end":{"line":39,"column":3}},"type":"if","locations":[{"start":{"line":33,"column":2},"end":{"line":39,"column":3}},{"start":{},"end":{}}],"line":33},"4":{"loc":{"start":{"line":62,"column":7},"end":{"line":129,"column":7}},"type":"binary-expr","locations":[{"start":{"line":62,"column":7},"end":{"line":62,"column":15}},{"start":{"line":63,"column":8},"end":{"line":128,"column":11}}],"line":62}},"s":{"0":1,"1":0,"2":0,"3":0,"4":0,"5":0,"6":0,"7":0,"8":0,"9":0,"10":0,"11":0,"12":0,"13":0,"14":0,"15":0,"16":0,"17":0,"18":0,"19":0,"20":0,"21":0,"22":0,"23":0,"24":0,"25":0,"26":0,"27":0},"f":{"0":0,"1":0,"2":0,"3":0,"4":0,"5":0,"6":0,"7":0},"b":{"0":[0,0],"1":[0,0],"2":[0,0],"3":[0,0],"4":[0,0]},"_coverageSchema":"1a1c01bbd47fc00a2c39e90264f33305004495a9","hash":"685c7e45fdc7bd483cc8d4cd4db7c0602cb41953"}
,"/Users/anartz/Documents/Reactjs/breaking-api-app/src/services/getFetchApi.js": {"path":"/Users/anartz/Documents/Reactjs/breaking-api-app/src/services/getFetchApi.js","statementMap":{"0":{"start":{"line":1,"column":28},"end":{"line":18,"column":1}},"1":{"start":{"line":2,"column":2},"end":{"line":17,"column":7}},"2":{"start":{"line":3,"column":20},"end":{"line":3,"column":31}},"3":{"start":{"line":5,"column":6},"end":{"line":9,"column":8}},"4":{"start":{"line":12,"column":6},"end":{"line":16,"column":8}}},"fnMap":{"0":{"name":"(anonymous_0)","decl":{"start":{"line":1,"column":28},"end":{"line":1,"column":29}},"loc":{"start":{"line":1,"column":37},"end":{"line":18,"column":1}},"line":1},"1":{"name":"(anonymous_1)","decl":{"start":{"line":3,"column":10},"end":{"line":3,"column":11}},"loc":{"start":{"line":3,"column":20},"end":{"line":3,"column":31}},"line":3},"2":{"name":"(anonymous_2)","decl":{"start":{"line":4,"column":10},"end":{"line":4,"column":11}},"loc":{"start":{"line":4,"column":20},"end":{"line":10,"column":5}},"line":4},"3":{"name":"(anonymous_3)","decl":{"start":{"line":11,"column":11},"end":{"line":11,"column":12}},"loc":{"start":{"line":11,"column":22},"end":{"line":17,"column":5}},"line":11}},"branchMap":{},"s":{"0":1,"1":0,"2":0,"3":0,"4":0},"f":{"0":0,"1":0,"2":0,"3":0},"b":{},"_coverageSchema":"1a1c01bbd47fc00a2c39e90264f33305004495a9","hash":"e5c409c9b0701651040db724fc0ddb800d97cd9f"}
}
